Detecting C [-std=c11] compiler features failed to compile with the following output:
Change Dir: /Users/goddesslindsey/Documents/GitHub/CECS-2200/CompilerTest/homework#4/cmake-build-debug/CMakeFiles/CMakeTmp

Run Build Command:"/usr/bin/make" "cmTC_af774/fast"
/Applications/Xcode.app/Contents/Developer/usr/bin/make -f CMakeFiles/cmTC_af774.dir/build.make CMakeFiles/cmTC_af774.dir/build
make[1]: *** No rule to make target `/Users/goddesslindsey/Documents/GitHub/CECS-2200/CompilerTest/homework', needed by `CMakeFiles/cmTC_af774.dir/feature_tests.c.o'.  Stop.
make: *** [cmTC_af774/fast] Error 2



Detecting CXX [-std=c++1z] compiler features failed to compile with the following output:
Change Dir: /Users/goddesslindsey/Documents/GitHub/CECS-2200/CompilerTest/homework#4/cmake-build-debug/CMakeFiles/CMakeTmp

Run Build Command:"/usr/bin/make" "cmTC_fd438/fast"
/Applications/Xcode.app/Contents/Developer/usr/bin/make -f CMakeFiles/cmTC_fd438.dir/build.make CMakeFiles/cmTC_fd438.dir/build
make[1]: *** No rule to make target `/Users/goddesslindsey/Documents/GitHub/CECS-2200/CompilerTest/homework', needed by `CMakeFiles/cmTC_fd438.dir/feature_tests.cxx.o'.  Stop.
make: *** [cmTC_fd438/fast] Error 2



